tracks {
  binding: IS_VISIBLE
  targetid: 690011385
  targetname: "Btn-Cap.png"
  keytimes {
    datatype: AE_INT_DATA
    inttype: AE_INTERP_HOLD
    ivalue1: 1
  }
}
tracks {
  binding: OPACITY
  targetid: 690011385
  targetname: "Btn-Cap.png"
  keytimes {
    inttype: AE_INTERP_LINEAR
    fvalue1: 0.6
  }
  keytimes {
    timeOffset: 1.001001
    inttype: AE_INTERP_LINEAR
    fvalue1: 0.6
  }
  keytimes {
    timeOffset: 1.01766098
    inttype: AE_INTERP_LINEAR
    fvalue1: 0.60359019
    isCookedKeytime: true
  }
  keytimes {
    timeOffset: 1.03432095
    inttype: AE_INTERP_LINEAR
    fvalue1: 0.618131399
    isCookedKeytime: true
  }
  keytimes {
    timeOffset: 1.05098093
    inttype: AE_INTERP_LINEAR
    fvalue1: 0.654923201
    isCookedKeytime: true
  }
  keytimes {
    timeOffset: 1.08430088
    inttype: AE_INTERP_LINEAR
    fvalue1: 0.799248099
    isCookedKeytime: true
  }
  keytimes {
    timeOffset: 1.10096085
    inttype: AE_INTERP_LINEAR
    fvalue1: 0.849109292
    isCookedKeytime: true
  }
  keytimes {
    timeOffset: 1.11762083
    inttype: AE_INTERP_LINEAR
    fvalue1: 0.884262383
    isCookedKeytime: true
  }
  keytimes {
    timeOffset: 1.1342808
    inttype: AE_INTERP_LINEAR
    fvalue1: 0.910449624
    isCookedKeytime: true
  }
  keytimes {
    timeOffset: 1.15094078
    inttype: AE_INTERP_LINEAR
    fvalue1: 0.930687428
    isCookedKeytime: true
  }
  keytimes {
    timeOffset: 1.16760075
    inttype: AE_INTERP_LINEAR
    fvalue1: 0.946679175
    isCookedKeytime: true
  }
  keytimes {
    timeOffset: 1.18426073
    inttype: AE_INTERP_LINEAR
    fvalue1: 0.95947206
    isCookedKeytime: true
  }
  keytimes {
    timeOffset: 1.2009207
    inttype: AE_INTERP_LINEAR
    fvalue1: 0.969756365
    isCookedKeytime: true
  }
  keytimes {
    timeOffset: 1.21758068
    inttype: AE_INTERP_LINEAR
    fvalue1: 0.978012085
    isCookedKeytime: true
  }
  keytimes {
    timeOffset: 1.23424065
    inttype: AE_INTERP_LINEAR
    fvalue1: 0.984586954
    isCookedKeytime: true
  }
  keytimes {
    timeOffset: 1.25090063
    inttype: AE_INTERP_LINEAR
    fvalue1: 0.9897421
    isCookedKeytime: true
  }
  keytimes {
    timeOffset: 1.2675606
    inttype: AE_INTERP_LINEAR
    fvalue1: 0.993679047
    isCookedKeytime: true
  }
  keytimes {
    timeOffset: 1.28422058
    inttype: AE_INTERP_LINEAR
    fvalue1: 0.996556461
    isCookedKeytime: true
  }
  keytimes {
    timeOffset: 1.30088055
    inttype: AE_INTERP_LINEAR
    fvalue1: 0.998502254
    isCookedKeytime: true
  }
  keytimes {
    timeOffset: 1.31754053
    inttype: AE_INTERP_LINEAR
    fvalue1: 0.999620914
    isCookedKeytime: true
  }
  keytimes {
    timeOffset: 1.33466804
    inttype: AE_INTERP_LINEAR
    fvalue1: 1
  }
  trackName: "Opacity"
}
tracks {
  binding: SCALE
  targetid: 690011385
  targetname: "Btn-Cap.png"
  keytimes {
    datatype: AE_FLOAT_VECTOR_DATA
    inttype: AE_INTERP_LINEAR
    fvalue1: 0.8
    fvalue2: 0.8
    fvalue3: 1
  }
  keytimes {
    datatype: AE_FLOAT_VECTOR_DATA
    timeOffset: 1.001001
    inttype: AE_INTERP_LINEAR
    fvalue1: 0.8
    fvalue2: 0.8
    fvalue3: 1
  }
  keytimes {
    datatype: AE_FLOAT_VECTOR_DATA
    timeOffset: 1.01766098
    inttype: AE_INTERP_LINEAR
    fvalue1: 0.800171614
    fvalue2: 0.800171614
    fvalue3: 1
    isCookedKeytime: true
  }
  keytimes {
    datatype: AE_FLOAT_VECTOR_DATA
    timeOffset: 1.03432095
    inttype: AE_INTERP_LINEAR
    fvalue1: 0.800711393
    fvalue2: 0.800711393
    fvalue3: 1
    isCookedKeytime: true
  }
  keytimes {
    datatype: AE_FLOAT_VECTOR_DATA
    timeOffset: 1.05098093
    inttype: AE_INTERP_LINEAR
    fvalue1: 0.801662385
    fvalue2: 0.801662385
    fvalue3: 1
    isCookedKeytime: true
  }
  keytimes {
    datatype: AE_FLOAT_VECTOR_DATA
    timeOffset: 1.0676409
    inttype: AE_INTERP_LINEAR
    fvalue1: 0.803076327
    fvalue2: 0.803076327
    fvalue3: 1
    isCookedKeytime: true
  }
  keytimes {
    datatype: AE_FLOAT_VECTOR_DATA
    timeOffset: 1.08430088
    inttype: AE_INTERP_LINEAR
    fvalue1: 0.805016458
    fvalue2: 0.805016458
    fvalue3: 1
    isCookedKeytime: true
  }
  keytimes {
    datatype: AE_FLOAT_VECTOR_DATA
    timeOffset: 1.10096085
    inttype: AE_INTERP_LINEAR
    fvalue1: 0.807561338
    fvalue2: 0.807561338
    fvalue3: 1
    isCookedKeytime: true
  }
  keytimes {
    datatype: AE_FLOAT_VECTOR_DATA
    timeOffset: 1.11762083
    inttype: AE_INTERP_LINEAR
    fvalue1: 0.810810387
    fvalue2: 0.810810387
    fvalue3: 1
    isCookedKeytime: true
  }
  keytimes {
    datatype: AE_FLOAT_VECTOR_DATA
    timeOffset: 1.1342808
    inttype: AE_INTERP_LINEAR
    fvalue1: 0.814892411
    fvalue2: 0.814892411
    fvalue3: 1
    isCookedKeytime: true
  }
  keytimes {
    datatype: AE_FLOAT_VECTOR_DATA
    timeOffset: 1.15094078
    inttype: AE_INTERP_LINEAR
    fvalue1: 0.819978714
    fvalue2: 0.819978714
    fvalue3: 1
    isCookedKeytime: true
  }
  keytimes {
    datatype: AE_FLOAT_VECTOR_DATA
    timeOffset: 1.16760075
    inttype: AE_INTERP_LINEAR
    fvalue1: 0.826305151
    fvalue2: 0.826305151
    fvalue3: 1
    isCookedKeytime: true
  }
  keytimes {
    datatype: AE_FLOAT_VECTOR_DATA
    timeOffset: 1.18426073
    inttype: AE_INTERP_LINEAR
    fvalue1: 0.834210277
    fvalue2: 0.834210277
    fvalue3: 1
    isCookedKeytime: true
  }
  keytimes {
    datatype: AE_FLOAT_VECTOR_DATA
    timeOffset: 1.2009207
    inttype: AE_INTERP_LINEAR
    fvalue1: 0.844206154
    fvalue2: 0.844206154
    fvalue3: 1
    isCookedKeytime: true
  }
  keytimes {
    datatype: AE_FLOAT_VECTOR_DATA
    timeOffset: 1.21758068
    inttype: AE_INTERP_LINEAR
    fvalue1: 0.857122242
    fvalue2: 0.857122242
    fvalue3: 1
    isCookedKeytime: true
  }
  keytimes {
    datatype: AE_FLOAT_VECTOR_DATA
    timeOffset: 1.23424065
    inttype: AE_INTERP_LINEAR
    fvalue1: 0.874421179
    fvalue2: 0.874421179
    fvalue3: 1
    isCookedKeytime: true
  }
  keytimes {
    datatype: AE_FLOAT_VECTOR_DATA
    timeOffset: 1.25090063
    inttype: AE_INTERP_LINEAR
    fvalue1: 0.898883343
    fvalue2: 0.898883343
    fvalue3: 1
    isCookedKeytime: true
  }
  keytimes {
    datatype: AE_FLOAT_VECTOR_DATA
    timeOffset: 1.28422058
    inttype: AE_INTERP_LINEAR
    fvalue1: 0.971152484
    fvalue2: 0.971152484
    fvalue3: 1
    isCookedKeytime: true
  }
  keytimes {
    datatype: AE_FLOAT_VECTOR_DATA
    timeOffset: 1.30088055
    inttype: AE_INTERP_LINEAR
    fvalue1: 0.990346313
    fvalue2: 0.990346313
    fvalue3: 1
    isCookedKeytime: true
  }
  keytimes {
    datatype: AE_FLOAT_VECTOR_DATA
    timeOffset: 1.31754053
    inttype: AE_INTERP_LINEAR
    fvalue1: 0.997999787
    fvalue2: 0.997999787
    fvalue3: 1
    isCookedKeytime: true
  }
  keytimes {
    datatype: AE_FLOAT_VECTOR_DATA
    timeOffset: 1.33466804
    inttype: AE_INTERP_LINEAR
    fvalue1: 1
    fvalue2: 1
    fvalue3: 1
  }
  trackName: "Scale"
}
tracks {
  binding: IS_VISIBLE
  targetid: 690011386
  targetname: "Btn-X.png"
  keytimes {
    datatype: AE_INT_DATA
    inttype: AE_INTERP_HOLD
    ivalue1: 1
  }
}
tracks {
  binding: OPACITY
  targetid: 690011386
  targetname: "Btn-X.png"
  keytimes {
    inttype: AE_INTERP_LINEAR
    fvalue1: 0.6
  }
  keytimes {
    timeOffset: 1.001001
    inttype: AE_INTERP_LINEAR
    fvalue1: 0.6
  }
  keytimes {
    timeOffset: 1.01766098
    inttype: AE_INTERP_LINEAR
    fvalue1: 0.600343168
    isCookedKeytime: true
  }
  keytimes {
    timeOffset: 1.03432095
    inttype: AE_INTERP_LINEAR
    fvalue1: 0.601422787
    isCookedKeytime: true
  }
  keytimes {
    timeOffset: 1.05098093
    inttype: AE_INTERP_LINEAR
    fvalue1: 0.603324771
    isCookedKeytime: true
  }
  keytimes {
    timeOffset: 1.0676409
    inttype: AE_INTERP_LINEAR
    fvalue1: 0.606152713
    isCookedKeytime: true
  }
  keytimes {
    timeOffset: 1.08430088
    inttype: AE_INTERP_LINEAR
    fvalue1: 0.610033
    isCookedKeytime: true
  }
  keytimes {
    timeOffset: 1.10096085
    inttype: AE_INTERP_LINEAR
    fvalue1: 0.615122736
    isCookedKeytime: true
  }
  keytimes {
    timeOffset: 1.11762083
    inttype: AE_INTERP_LINEAR
    fvalue1: 0.621620834
    isCookedKeytime: true
  }
  keytimes {
    timeOffset: 1.1342808
    inttype: AE_INTERP_LINEAR
    fvalue1: 0.629784822
    isCookedKeytime: true
  }
  keytimes {
    timeOffset: 1.15094078
    inttype: AE_INTERP_LINEAR
    fvalue1: 0.639957368
    isCookedKeytime: true
  }
  keytimes {
    timeOffset: 1.16760075
    inttype: AE_INTERP_LINEAR
    fvalue1: 0.652610302
    isCookedKeytime: true
  }
  keytimes {
    timeOffset: 1.18426073
    inttype: AE_INTERP_LINEAR
    fvalue1: 0.668420553
    isCookedKeytime: true
  }
  keytimes {
    timeOffset: 1.2009207
    inttype: AE_INTERP_LINEAR
    fvalue1: 0.688412309
    isCookedKeytime: true
  }
  keytimes {
    timeOffset: 1.21758068
    inttype: AE_INTERP_LINEAR
    fvalue1: 0.714244545
    isCookedKeytime: true
  }
  keytimes {
    timeOffset: 1.23424065
    inttype: AE_INTERP_LINEAR
    fvalue1: 0.748842299
    isCookedKeytime: true
  }
  keytimes {
    timeOffset: 1.25090063
    inttype: AE_INTERP_LINEAR
    fvalue1: 0.797766805
    isCookedKeytime: true
  }
  keytimes {
    timeOffset: 1.28422058
    inttype: AE_INTERP_LINEAR
    fvalue1: 0.942304969
    isCookedKeytime: true
  }
  keytimes {
    timeOffset: 1.30088055
    inttype: AE_INTERP_LINEAR
    fvalue1: 0.980692506
    isCookedKeytime: true
  }
  keytimes {
    timeOffset: 1.31754053
    inttype: AE_INTERP_LINEAR
    fvalue1: 0.995999575
    isCookedKeytime: true
  }
  keytimes {
    timeOffset: 1.33466804
    inttype: AE_INTERP_LINEAR
    fvalue1: 1
  }
  trackName: "Opacity"
}
tracks {
  binding: SCALE
  targetid: 690011386
  targetname: "Btn-X.png"
  keytimes {
    datatype: AE_FLOAT_VECTOR_DATA
    inttype: AE_INTERP_LINEAR
    fvalue1: 0.8
    fvalue2: 0.8
    fvalue3: 1
  }
  keytimes {
    datatype: AE_FLOAT_VECTOR_DATA
    timeOffset: 1.001001
    inttype: AE_INTERP_LINEAR
    fvalue1: 0.8
    fvalue2: 0.8
    fvalue3: 1
  }
  keytimes {
    datatype: AE_FLOAT_VECTOR_DATA
    timeOffset: 1.01766098
    inttype: AE_INTERP_LINEAR
    fvalue1: 0.800171614
    fvalue2: 0.800171614
    fvalue3: 1
    isCookedKeytime: true
  }
  keytimes {
    datatype: AE_FLOAT_VECTOR_DATA
    timeOffset: 1.03432095
    inttype: AE_INTERP_LINEAR
    fvalue1: 0.800711393
    fvalue2: 0.800711393
    fvalue3: 1
    isCookedKeytime: true
  }
  keytimes {
    datatype: AE_FLOAT_VECTOR_DATA
    timeOffset: 1.05098093
    inttype: AE_INTERP_LINEAR
    fvalue1: 0.801662385
    fvalue2: 0.801662385
    fvalue3: 1
    isCookedKeytime: true
  }
  keytimes {
    datatype: AE_FLOAT_VECTOR_DATA
    timeOffset: 1.0676409
    inttype: AE_INTERP_LINEAR
    fvalue1: 0.803076327
    fvalue2: 0.803076327
    fvalue3: 1
    isCookedKeytime: true
  }
  keytimes {
    datatype: AE_FLOAT_VECTOR_DATA
    timeOffset: 1.08430088
    inttype: AE_INTERP_LINEAR
    fvalue1: 0.805016458
    fvalue2: 0.805016458
    fvalue3: 1
    isCookedKeytime: true
  }
  keytimes {
    datatype: AE_FLOAT_VECTOR_DATA
    timeOffset: 1.10096085
    inttype: AE_INTERP_LINEAR
    fvalue1: 0.807561338
    fvalue2: 0.807561338
    fvalue3: 1
    isCookedKeytime: true
  }
  keytimes {
    datatype: AE_FLOAT_VECTOR_DATA
    timeOffset: 1.11762083
    inttype: AE_INTERP_LINEAR
    fvalue1: 0.810810387
    fvalue2: 0.810810387
    fvalue3: 1
    isCookedKeytime: true
  }
  keytimes {
    datatype: AE_FLOAT_VECTOR_DATA
    timeOffset: 1.1342808
    inttype: AE_INTERP_LINEAR
    fvalue1: 0.814892411
    fvalue2: 0.814892411
    fvalue3: 1
    isCookedKeytime: true
  }
  keytimes {
    datatype: AE_FLOAT_VECTOR_DATA
    timeOffset: 1.15094078
    inttype: AE_INTERP_LINEAR
    fvalue1: 0.819978714
    fvalue2: 0.819978714
    fvalue3: 1
    isCookedKeytime: true
  }
  keytimes {
    datatype: AE_FLOAT_VECTOR_DATA
    timeOffset: 1.16760075
    inttype: AE_INTERP_LINEAR
    fvalue1: 0.826305151
    fvalue2: 0.826305151
    fvalue3: 1
    isCookedKeytime: true
  }
  keytimes {
    datatype: AE_FLOAT_VECTOR_DATA
    timeOffset: 1.18426073
    inttype: AE_INTERP_LINEAR
    fvalue1: 0.834210277
    fvalue2: 0.834210277
    fvalue3: 1
    isCookedKeytime: true
  }
  keytimes {
    datatype: AE_FLOAT_VECTOR_DATA
    timeOffset: 1.2009207
    inttype: AE_INTERP_LINEAR
    fvalue1: 0.844206154
    fvalue2: 0.844206154
    fvalue3: 1
    isCookedKeytime: true
  }
  keytimes {
    datatype: AE_FLOAT_VECTOR_DATA
    timeOffset: 1.21758068
    inttype: AE_INTERP_LINEAR
    fvalue1: 0.857122242
    fvalue2: 0.857122242
    fvalue3: 1
    isCookedKeytime: true
  }
  keytimes {
    datatype: AE_FLOAT_VECTOR_DATA
    timeOffset: 1.23424065
    inttype: AE_INTERP_LINEAR
    fvalue1: 0.874421179
    fvalue2: 0.874421179
    fvalue3: 1
    isCookedKeytime: true
  }
  keytimes {
    datatype: AE_FLOAT_VECTOR_DATA
    timeOffset: 1.25090063
    inttype: AE_INTERP_LINEAR
    fvalue1: 0.898883343
    fvalue2: 0.898883343
    fvalue3: 1
    isCookedKeytime: true
  }
  keytimes {
    datatype: AE_FLOAT_VECTOR_DATA
    timeOffset: 1.28422058
    inttype: AE_INTERP_LINEAR
    fvalue1: 0.971152484
    fvalue2: 0.971152484
    fvalue3: 1
    isCookedKeytime: true
  }
  keytimes {
    datatype: AE_FLOAT_VECTOR_DATA
    timeOffset: 1.30088055
    inttype: AE_INTERP_LINEAR
    fvalue1: 0.990346313
    fvalue2: 0.990346313
    fvalue3: 1
    isCookedKeytime: true
  }
  keytimes {
    datatype: AE_FLOAT_VECTOR_DATA
    timeOffset: 1.31754053
    inttype: AE_INTERP_LINEAR
    fvalue1: 0.997999787
    fvalue2: 0.997999787
    fvalue3: 1
    isCookedKeytime: true
  }
  keytimes {
    datatype: AE_FLOAT_VECTOR_DATA
    timeOffset: 1.33466804
    inttype: AE_INTERP_LINEAR
    fvalue1: 1
    fvalue2: 1
    fvalue3: 1
  }
  trackName: "Scale"
}
tracks {
  binding: IS_VISIBLE
  targetid: 690011387
  targetname: "Null 2"
  keytimes {
    datatype: AE_INT_DATA
    inttype: AE_INTERP_HOLD
    ivalue1: 1
  }
}
tracks {
  binding: SCALE
  targetid: 690011387
  targetname: "Null 2"
  keytimes {
    datatype: AE_FLOAT_VECTOR_DATA
    inttype: AE_INTERP_LINEAR
    fvalue1: 1
    fvalue2: 1
    fvalue3: 1
  }
  keytimes {
    datatype: AE_FLOAT_VECTOR_DATA
    timeOffset: 2.002002
    inttype: AE_INTERP_LINEAR
    fvalue1: 1
    fvalue2: 1
    fvalue3: 1
  }
  keytimes {
    datatype: AE_FLOAT_VECTOR_DATA
    timeOffset: 2.01866198
    inttype: AE_INTERP_LINEAR
    fvalue1: 0.995467126
    fvalue2: 0.995467126
    fvalue3: 1
    isCookedKeytime: true
  }
  keytimes {
    datatype: AE_FLOAT_VECTOR_DATA
    timeOffset: 2.03532195
    inttype: AE_INTERP_LINEAR
    fvalue1: 0.968244314
    fvalue2: 0.968244314
    fvalue3: 1
    isCookedKeytime: true
  }
  keytimes {
    datatype: AE_FLOAT_VECTOR_DATA
    timeOffset: 2.05198193
    inttype: AE_INTERP_LINEAR
    fvalue1: 0.937722683
    fvalue2: 0.937722683
    fvalue3: 1
    isCookedKeytime: true
  }
  keytimes {
    datatype: AE_FLOAT_VECTOR_DATA
    timeOffset: 2.0686419
    inttype: AE_INTERP_LINEAR
    fvalue1: 0.9223876
    fvalue2: 0.9223876
    fvalue3: 1
    isCookedKeytime: true
  }
  keytimes {
    datatype: AE_FLOAT_VECTOR_DATA
    timeOffset: 2.08530188
    inttype: AE_INTERP_LINEAR
    fvalue1: 0.913330257
    fvalue2: 0.913330257
    fvalue3: 1
    isCookedKeytime: true
  }
  keytimes {
    datatype: AE_FLOAT_VECTOR_DATA
    timeOffset: 2.10196185
    inttype: AE_INTERP_LINEAR
    fvalue1: 0.907560885
    fvalue2: 0.907560885
    fvalue3: 1
    isCookedKeytime: true
  }
  keytimes {
    datatype: AE_FLOAT_VECTOR_DATA
    timeOffset: 2.11862183
    inttype: AE_INTERP_LINEAR
    fvalue1: 0.903853238
    fvalue2: 0.903853238
    fvalue3: 1
    isCookedKeytime: true
  }
  keytimes {
    datatype: AE_FLOAT_VECTOR_DATA
    timeOffset: 2.1352818
    inttype: AE_INTERP_LINEAR
    fvalue1: 0.901580274
    fvalue2: 0.901580274
    fvalue3: 1
    isCookedKeytime: true
  }
  keytimes {
    datatype: AE_FLOAT_VECTOR_DATA
    timeOffset: 2.15194178
    inttype: AE_INTERP_LINEAR
    fvalue1: 0.900374472
    fvalue2: 0.900374472
    fvalue3: 1
    isCookedKeytime: true
  }
  keytimes {
    datatype: AE_FLOAT_VECTOR_DATA
    timeOffset: 2.1688354
    inttype: AE_INTERP_LINEAR
    fvalue1: 0.9
    fvalue2: 0.9
    fvalue3: 1
  }
  trackName: "Scale"
}
markers {
  starttime: 1.001001
  duration: 0.333667
  name: "FocusIn"
  tracksSelection {
    targetid: 690011385
    binding: OPACITY
  }
  tracksSelection {
    targetid: 690011385
    binding: SCALE
  }
  tracksSelection {
    targetid: 690011386
    binding: OPACITY
  }
  tracksSelection {
    targetid: 690011386
    binding: SCALE
  }
  id: 21
}
markers {
  starttime: 2.002002
  duration: 0.166833505
  name: "Press"
  tracksSelection {
    targetid: 690011387
    binding: SCALE
  }
  id: 18
}
