activecomp {
  name: "Auryn_Btn-Cap"
  width: 140
  height: 131
  defaultcameradistance: 194.444443
  layer {
    name: "Btn-Cap_2.png"
    id: 445
    sourceid: 44
    transform {
      anchorPoint {
        x: 70
        y: 65.5
      }
      scale {
        x: 0.8
        y: 0.8
        z: 1
      }
      position {
        y: -3.11111116
      }
      orientation {
      }
      opacity: 0.6
    }
    acceptsshadows: true
    acceptslights: true
    parentid: 447
  }
  layer {
    name: "Btn-X_2.png"
    id: 446
    sourceid: 47
    transform {
      anchorPoint {
        x: 17
        y: 17.5
      }
      scale {
        x: 0.8
        y: 0.8
        z: 1
      }
      position {
        x: 69.5
        y: 45
      }
      orientation {
      }
      opacity: 0.6
    }
    acceptsshadows: true
    acceptslights: true
  }
  layer {
    name: "Null 2"
    id: 447
    sourceid: 2476
    transform {
      anchorPoint {
      }
      scale {
        x: 1
        y: 1
        z: 1
      }
      position {
        x: 70
        y: 65.5
      }
      orientation {
      }
      opacity: 1
    }
    acceptsshadows: true
    acceptslights: true
  }
  classname: "CYIPushButtonView"
  bgcolor {
    alpha: 1
    red: 0.8784313725490196
    green: 0.8784313725490196
    blue: 0.8784313725490196
  }
  properties {
    key: "componentSubtype"
    value: "push"
  }
  properties {
    key: "componentType"
    value: "button"
  }
}
sources {
  uid: 44
  srctype: AE_IMAGE_SRC
  name: "Btn-Cap_2.png"
  width: 140
  height: 131
  numberOfFrames: 1
  loops: 1
  copy_source: true
}
sources {
  uid: 47
  srctype: AE_IMAGE_SRC
  name: "Btn-X_2.png"
  width: 34
  height: 35
  numberOfFrames: 1
  loops: 1
  copy_source: true
}
sources {
  uid: 2476
  srctype: AE_NULL_SRC
  width: 100
  height: 100
}
